<?xml version="1.0" encoding="UTF-8"?>
<!-- Generated by org.testng.reporters.JUnitXMLReporter -->
<testsuite ignored="0" hostname="LAPTOP-VHO7M4VD" failures="0" tests="5" name="Test" time="0.218" errors="0" timestamp="2022-11-10T15:57:14 IST">
  <testcase classname="TestCases.GroupTest" name="@BeforeMethod setup" time="0.037">
    <failure type="java.lang.NullPointerException">
      <![CDATA[java.lang.NullPointerException
at Base.TestBase.initalization(TestBase.java:14)
at TestCases.GroupTest.setup(GroupTest.java:20)
at java.base/java.util.ArrayList.forEach(ArrayList.java:1541)
... Removed 31 stack frames]]>
    </failure>
  </testcase> <!-- @BeforeMethod setup -->
  <testcase classname="TestCases.GroupTest" name="@AfterMethod closeBrowser" time="0.008">
    <failure type="java.lang.NullPointerException">
      <![CDATA[java.lang.NullPointerException
at TestCases.GroupTest.closeBrowser(GroupTest.java:84)
at java.base/java.util.ArrayList.forEach(ArrayList.java:1541)
... Removed 32 stack frames]]>
    </failure>
  </testcase> <!-- @AfterMethod closeBrowser -->
  <testcase classname="TestCases.GroupTest" name="@BeforeMethod setup" time="0.002">
    <failure type="java.lang.NullPointerException">
      <![CDATA[java.lang.NullPointerException
at Base.TestBase.initalization(TestBase.java:14)
at TestCases.GroupTest.setup(GroupTest.java:20)
at java.base/java.util.ArrayList.forEach(ArrayList.java:1541)
... Removed 31 stack frames]]>
    </failure>
  </testcase> <!-- @BeforeMethod setup -->
  <testcase classname="TestCases.GroupTest" name="@AfterMethod closeBrowser" time="0.001">
    <failure type="java.lang.NullPointerException">
      <![CDATA[java.lang.NullPointerException
at TestCases.GroupTest.closeBrowser(GroupTest.java:84)
at java.base/java.util.ArrayList.forEach(ArrayList.java:1541)
... Removed 32 stack frames]]>
    </failure>
  </testcase> <!-- @AfterMethod closeBrowser -->
  <testcase classname="TestCases.GroupTest" name="@BeforeMethod setup" time="0.001">
    <failure type="java.lang.NullPointerException">
      <![CDATA[java.lang.NullPointerException
at Base.TestBase.initalization(TestBase.java:14)
at TestCases.GroupTest.setup(GroupTest.java:20)
at java.base/java.util.ArrayList.forEach(ArrayList.java:1541)
... Removed 31 stack frames]]>
    </failure>
  </testcase> <!-- @BeforeMethod setup -->
  <testcase classname="TestCases.GroupTest" name="@AfterMethod closeBrowser" time="0.001">
    <failure type="java.lang.NullPointerException">
      <![CDATA[java.lang.NullPointerException
at TestCases.GroupTest.closeBrowser(GroupTest.java:84)
at java.base/java.util.ArrayList.forEach(ArrayList.java:1541)
... Removed 32 stack frames]]>
    </failure>
  </testcase> <!-- @AfterMethod closeBrowser -->
  <testcase classname="TestCases.GroupTest" name="@BeforeMethod setup" time="0.002">
    <failure type="java.lang.NullPointerException">
      <![CDATA[java.lang.NullPointerException
at Base.TestBase.initalization(TestBase.java:14)
at TestCases.GroupTest.setup(GroupTest.java:20)
at java.base/java.util.ArrayList.forEach(ArrayList.java:1541)
... Removed 31 stack frames]]>
    </failure>
  </testcase> <!-- @BeforeMethod setup -->
  <testcase classname="TestCases.GroupTest" name="@AfterMethod closeBrowser" time="0.001">
    <failure type="java.lang.NullPointerException">
      <![CDATA[java.lang.NullPointerException
at TestCases.GroupTest.closeBrowser(GroupTest.java:84)
at java.base/java.util.ArrayList.forEach(ArrayList.java:1541)
... Removed 32 stack frames]]>
    </failure>
  </testcase> <!-- @AfterMethod closeBrowser -->
  <testcase classname="TestCases.GroupTest" name="@BeforeMethod setup" time="0.002">
    <failure type="java.lang.NullPointerException">
      <![CDATA[java.lang.NullPointerException
at Base.TestBase.initalization(TestBase.java:14)
at TestCases.GroupTest.setup(GroupTest.java:20)
at java.base/java.util.ArrayList.forEach(ArrayList.java:1541)
... Removed 31 stack frames]]>
    </failure>
  </testcase> <!-- @BeforeMethod setup -->
  <testcase classname="TestCases.GroupTest" name="@AfterMethod closeBrowser" time="0.001">
    <failure type="java.lang.NullPointerException">
      <![CDATA[java.lang.NullPointerException
at TestCases.GroupTest.closeBrowser(GroupTest.java:84)
at java.base/java.util.ArrayList.forEach(ArrayList.java:1541)
... Removed 32 stack frames]]>
    </failure>
  </testcase> <!-- @AfterMethod closeBrowser -->
  <testcase classname="TestCases.GroupTest" name="loginToApp11Test" time="0.0">
    <skipped/>
  </testcase> <!-- loginToApp11Test -->
  <testcase classname="TestCases.GroupTest" name="loginToApp2Test" time="0.001">
    <skipped/>
  </testcase> <!-- loginToApp2Test -->
  <testcase classname="TestCases.GroupTest" name="verifyBotlogoTest" time="0.0">
    <skipped/>
  </testcase> <!-- verifyBotlogoTest -->
  <testcase classname="TestCases.GroupTest" name="verifyTitleTest" time="0.0">
    <skipped/>
  </testcase> <!-- verifyTitleTest -->
  <testcase classname="TestCases.GroupTest" name="verifyUrlTest" time="0.0">
    <skipped/>
  </testcase> <!-- verifyUrlTest -->
</testsuite> <!-- Test -->
